<?xml version="1.0" encoding="UTF-8"?>
<!-- Generated by org.testng.reporters.JUnitReportReporter -->
<testsuite hostname="KDC1-L-CXJ1NW2" failures="0" tests="1" name="restassuredTests.Update_RequestDemo" time="3.506" errors="0" timestamp="2022-12-14T14:39:21 IST" skipped="0">
  <testcase classname="restassuredTests.Update_RequestDemo" name="update_User" time="3.506"/>
  <system-out/>
</testsuite> <!-- restassuredTests.Update_RequestDemo -->
