<?xml version="1.0" encoding="UTF-8"?>
<!-- Generated by org.testng.reporters.JUnitReportReporter -->
<testsuite hostname="KDC1-L-CXJ1NW2" failures="0" tests="1" name="restassuredTests.Delete_RequestDemo" time="4.204" errors="0" timestamp="2022-12-14T14:44:17 IST" skipped="0">
  <testcase classname="restassuredTests.Delete_RequestDemo" name="delete_User" time="4.204"/>
  <system-out/>
</testsuite> <!-- restassuredTests.Delete_RequestDemo -->
