<?xml version="1.0" encoding="UTF-8"?>
<!-- Generated by org.testng.reporters.JUnitReportReporter -->
<testsuite hostname="KDC1-L-CXJ1NW2" failures="0" tests="1" name="restassuredTests.Get_RequestDemo" time="4.397" errors="0" timestamp="2022-12-14T14:32:09 IST" skipped="0">
  <testcase classname="restassuredTests.Get_RequestDemo" name="getWeatherDetails" time="4.397"/>
  <system-out/>
</testsuite> <!-- restassuredTests.Get_RequestDemo -->
