<?xml version="1.0" encoding="UTF-8"?>
<!-- Generated by org.testng.reporters.JUnitReportReporter -->
<testsuite hostname="KDC1-L-CXJ1NW2" failures="0" tests="1" name="restassuredTests.Post_RequestDemo" time="4.214" errors="0" timestamp="2022-12-14T14:37:25 IST" skipped="0">
  <testcase classname="restassuredTests.Post_RequestDemo" name="post_User" time="4.214"/>
  <system-out/>
</testsuite> <!-- restassuredTests.Post_RequestDemo -->
